#-----------------------------------------------------------
# Vivado v2023.2 (64-bit)
# SW Build 4029153 on Fri Oct 13 20:14:34 MDT 2023
# IP Build 4028589 on Sat Oct 14 00:45:43 MDT 2023
# SharedData Build 4025554 on Tue Oct 10 17:18:54 MDT 2023
# Start of session at: Sat Jan 13 16:13:20 2024
# Process ID: 32576
# Current directory: K:/My Drive/Grad/FAU_PhD/CDA 4240 - Design of Digital Systems/Labs/Lab0/lab_0
# Command line: vivado.exe -gui_launcher_event rodinguilauncherevent30536 K:\My Drive\Grad\FAU_PhD\CDA 4240 - Design of Digital Systems\Labs\Lab0\lab_0\lab_0.xpr
# Log file: K:/My Drive/Grad/FAU_PhD/CDA 4240 - Design of Digital Systems/Labs/Lab0/lab_0/vivado.log
# Journal file: K:/My Drive/Grad/FAU_PhD/CDA 4240 - Design of Digital Systems/Labs/Lab0/lab_0\vivado.jou
# Running On: DESKTOP-I7EHI1I, OS: Windows, CPU Frequency: 3400 MHz, CPU Physical cores: 32, Host memory: 68637 MB
#-----------------------------------------------------------
start_gui
open_project {K:/My Drive/Grad/FAU_PhD/CDA 4240 - Design of Digital Systems/Labs/Lab0/lab_0/lab_0.xpr}
WARNING: [Board 49-26] cannot add Board Part xilinx.com:kc705:part0:1.6 available at C:/Xilinx/Vivado/2023.2/data/xhub/boards/XilinxBoardStore/boards/Xilinx/kc705/1.6/board.xml as part xc7k325tffg900-2 specified in board_part file is either invalid or not available
WARNING: [Board 49-26] cannot add Board Part xilinx.com:kcu105:part0:1.6 available at C:/Xilinx/Vivado/2023.2/data/xhub/boards/XilinxBoardStore/boards/Xilinx/kcu105/1.6/board.xml as part xcku040-ffva1156-2-e specified in board_part file is either invalid or not available
WARNING: [Board 49-26] cannot add Board Part xilinx.com:kcu105:part0:1.7 available at C:/Xilinx/Vivado/2023.2/data/xhub/boards/XilinxBoardStore/boards/Xilinx/kcu105/1.7/board.xml as part xcku040-ffva1156-2-e specified in board_part file is either invalid or not available
WARNING: [Board 49-26] cannot add Board Part xilinx.com:kcu116:part0:1.4 available at C:/Xilinx/Vivado/2023.2/data/xhub/boards/XilinxBoardStore/boards/Xilinx/kcu116/1.4/board.xml as part xcku5p-ffvb676-2-e specified in board_part file is either invalid or not available
WARNING: [Board 49-26] cannot add Board Part xilinx.com:kcu116:part0:1.5 available at C:/Xilinx/Vivado/2023.2/data/xhub/boards/XilinxBoardStore/boards/Xilinx/kcu116/1.5/board.xml as part xcku5p-ffvb676-2-e specified in board_part file is either invalid or not available
WARNING: [Board 49-26] cannot add Board Part xilinx.com:sp701:part0:1.0 available at C:/Xilinx/Vivado/2023.2/data/xhub/boards/XilinxBoardStore/boards/Xilinx/sp701/1.0/board.xml as part xc7s100fgga676-2 specified in board_part file is either invalid or not available
WARNING: [Board 49-26] cannot add Board Part xilinx.com:sp701:part0:1.1 available at C:/Xilinx/Vivado/2023.2/data/xhub/boards/XilinxBoardStore/boards/Xilinx/sp701/1.1/board.xml as part xc7s100fgga676-2 specified in board_part file is either invalid or not available
WARNING: [Board 49-26] cannot add Board Part xilinx.com:vc707:part0:1.4 available at C:/Xilinx/Vivado/2023.2/data/xhub/boards/XilinxBoardStore/boards/Xilinx/vc707/1.4/board.xml as part xc7vx485tffg1761-2 specified in board_part file is either invalid or not available
WARNING: [Board 49-26] cannot add Board Part xilinx.com:vc709:part0:1.8 available at C:/Xilinx/Vivado/2023.2/data/xhub/boards/XilinxBoardStore/boards/Xilinx/vc709/1.8/board.xml as part xc7vx690tffg1761-2 specified in board_part file is either invalid or not available
WARNING: [Board 49-26] cannot add Board Part xilinx.com:vcu108:part0:1.6 available at C:/Xilinx/Vivado/2023.2/data/xhub/boards/XilinxBoardStore/boards/Xilinx/vcu108/1.6/board.xml as part xcvu095-ffva2104-2-e specified in board_part file is either invalid or not available
WARNING: [Board 49-26] cannot add Board Part xilinx.com:vcu108:part0:1.7 available at C:/Xilinx/Vivado/2023.2/data/xhub/boards/XilinxBoardStore/boards/Xilinx/vcu108/1.7/board.xml as part xcvu095-ffva2104-2-e specified in board_part file is either invalid or not available
WARNING: [Board 49-26] cannot add Board Part xilinx.com:vcu110:part0:1.4 available at C:/Xilinx/Vivado/2023.2/data/xhub/boards/XilinxBoardStore/boards/Xilinx/vcu110/1.4/board.xml as part xcvu190-flgc2104-2-e specified in board_part file is either invalid or not available
WARNING: [Board 49-26] cannot add Board Part xilinx.com:vcu128:part0:1.0 available at C:/Xilinx/Vivado/2023.2/data/xhub/boards/XilinxBoardStore/boards/Xilinx/vcu128/production/1.0/board.xml as part xcvu37p-fsvh2892-2l-e specified in board_part file is either invalid or not available
WARNING: [Board 49-26] cannot add Board Part xilinx.com:vcu129:part0:1.0 available at C:/Xilinx/Vivado/2023.2/data/xhub/boards/XilinxBoardStore/boards/Xilinx/vcu129/production/1.0/board.xml as part xcvu29p-fsga2577-2l-e specified in board_part file is either invalid or not available
WARNING: [Board 49-26] cannot add Board Part xilinx.com:vek280_es:part0:1.0 available at C:/Xilinx/Vivado/2023.2/data/xhub/boards/XilinxBoardStore/boards/Xilinx/vek280/es/rev_a/1.0/board.xml as part xcve2802-vsvh1760-2lp-e-s-es1 specified in board_part file is either invalid or not available
WARNING: [Board 49-26] cannot add Board Part xilinx.com:vek280_es:part0:1.1 available at C:/Xilinx/Vivado/2023.2/data/xhub/boards/XilinxBoardStore/boards/Xilinx/vek280/es/rev_a/1.1/board.xml as part xcve2802-vsvh1760-2lp-e-s-es1 specified in board_part file is either invalid or not available
WARNING: [Board 49-26] cannot add Board Part xilinx.com:vek280_es_revb:part0:1.0 available at C:/Xilinx/Vivado/2023.2/data/xhub/boards/XilinxBoardStore/boards/Xilinx/vek280/es/rev_b/1.0/board.xml as part xcve2802-vsvh1760-2mp-e-s-es1 specified in board_part file is either invalid or not available
WARNING: [Board 49-26] cannot add Board Part xilinx.com:vek280_es_revb:part0:1.1 available at C:/Xilinx/Vivado/2023.2/data/xhub/boards/XilinxBoardStore/boards/Xilinx/vek280/es/rev_b/1.1/board.xml as part xcve2802-vsvh1760-2mp-e-s-es1 specified in board_part file is either invalid or not available
WARNING: [Board 49-26] cannot add Board Part xilinx.com:vermeo_t1_mpsoc:part0:1.0 available at C:/Xilinx/Vivado/2023.2/data/xhub/boards/XilinxBoardStore/boards/Xilinx/vermeo_t1_mpsoc/1.0/board.xml as part xczu19eg-ffvd1760-2l-e specified in board_part file is either invalid or not available
WARNING: [Board 49-26] cannot add Board Part xilinx.com:vermeo_t1_rfsoc:part0:1.0 available at C:/Xilinx/Vivado/2023.2/data/xhub/boards/XilinxBoardStore/boards/Xilinx/vermeo_t1_rfsoc/1.0/board.xml as part xczu21dr-ffvd1156-2l-e specified in board_part file is either invalid or not available
WARNING: [Board 49-26] cannot add Board Part xilinx.com:vhk158:part0:1.0 available at C:/Xilinx/Vivado/2023.2/data/xhub/boards/XilinxBoardStore/boards/Xilinx/vhk158/production/1.0/board.xml as part xcvh1582-vsva3697-2mp-e-s specified in board_part file is either invalid or not available
WARNING: [Board 49-26] cannot add Board Part xilinx.com:vhk158:part0:1.1 available at C:/Xilinx/Vivado/2023.2/data/xhub/boards/XilinxBoardStore/boards/Xilinx/vhk158/production/1.1/board.xml as part xcvh1582-vsva3697-2mp-e-s specified in board_part file is either invalid or not available
WARNING: [Board 49-26] cannot add Board Part xilinx.com:vhk158_es:part0:1.0 available at C:/Xilinx/Vivado/2023.2/data/xhub/boards/XilinxBoardStore/boards/Xilinx/vhk158/es/1.0/board.xml as part xcvh1582-vsva3697-2mp-e-s-es1 specified in board_part file is either invalid or not available
WARNING: [Board 49-26] cannot add Board Part xilinx.com:vhk158_es:part0:1.1 available at C:/Xilinx/Vivado/2023.2/data/xhub/boards/XilinxBoardStore/boards/Xilinx/vhk158/es/1.1/board.xml as part xcvh1582-vsva3697-2mp-e-s-es1 specified in board_part file is either invalid or not available
WARNING: [Board 49-26] cannot add Board Part xilinx.com:zcu111:part0:1.2 available at C:/Xilinx/Vivado/2023.2/data/xhub/boards/XilinxBoardStore/boards/Xilinx/zcu111/1.2/board.xml as part xczu28dr-ffvg1517-2-e specified in board_part file is either invalid or not available
WARNING: [Board 49-26] cannot add Board Part xilinx.com:zcu111:part0:1.3 available at C:/Xilinx/Vivado/2023.2/data/xhub/boards/XilinxBoardStore/boards/Xilinx/zcu111/1.3/board.xml as part xczu28dr-ffvg1517-2-e specified in board_part file is either invalid or not available
WARNING: [Board 49-26] cannot add Board Part xilinx.com:zcu111:part0:1.4 available at C:/Xilinx/Vivado/2023.2/data/xhub/boards/XilinxBoardStore/boards/Xilinx/zcu111/1.4/board.xml as part xczu28dr-ffvg1517-2-e specified in board_part file is either invalid or not available
WARNING: [Board 49-26] cannot add Board Part xilinx.com:zcu1275:part0:1.0 available at C:/Xilinx/Vivado/2023.2/data/xhub/boards/XilinxBoardStore/boards/Xilinx/zcu1275/1.0/board.xml as part xczu29dr-ffvf1760-2-e specified in board_part file is either invalid or not available
WARNING: [Board 49-26] cannot add Board Part xilinx.com:zcu1285:part0:1.0 available at C:/Xilinx/Vivado/2023.2/data/xhub/boards/XilinxBoardStore/boards/Xilinx/zcu1285/1.0/board.xml as part xczu39dr-ffvf1760-2-i specified in board_part file is either invalid or not available
WARNING: [Board 49-26] cannot add Board Part xilinx.com:zcu208:part0:2.0 available at C:/Xilinx/Vivado/2023.2/data/xhub/boards/XilinxBoardStore/boards/Xilinx/zcu208/production/2.0/board.xml as part xczu48dr-fsvg1517-2-e specified in board_part file is either invalid or not available
WARNING: [Board 49-26] cannot add Board Part xilinx.com:zcu208ld:part0:2.0 available at C:/Xilinx/Vivado/2023.2/data/xhub/boards/XilinxBoardStore/boards/Xilinx/zcu208ld/production/2.0/board.xml as part xczu58dr-fsvg1517-2-i specified in board_part file is either invalid or not available
WARNING: [Board 49-26] cannot add Board Part xilinx.com:zcu216:part0:2.0 available at C:/Xilinx/Vivado/2023.2/data/xhub/boards/XilinxBoardStore/boards/Xilinx/zcu216/production/2.0/board.xml as part xczu49dr-ffvf1760-2-e specified in board_part file is either invalid or not available
WARNING: [Board 49-26] cannot add Board Part xilinx.com:zcu216ld:part0:2.0 available at C:/Xilinx/Vivado/2023.2/data/xhub/boards/XilinxBoardStore/boards/Xilinx/zcu216ld/production/2.0/board.xml as part xczu59dr-ffvf1760-2-i specified in board_part file is either invalid or not available
WARNING: [Board 49-26] cannot add Board Part xilinx.com:zcu670:part0:2.0 available at C:/Xilinx/Vivado/2023.2/data/xhub/boards/XilinxBoardStore/boards/Xilinx/zcu670/2.0/board.xml as part xczu67dr-fsve1156-2-i specified in board_part file is either invalid or not available
WARNING: [Board 49-26] cannot add Board Part xilinx.com:zcu670ld:part0:1.0 available at C:/Xilinx/Vivado/2023.2/data/xhub/boards/XilinxBoardStore/boards/Xilinx/zcu670ld/1.0/board.xml as part xczu57dr-fsve1156-2-i specified in board_part file is either invalid or not available
INFO: [filemgmt 56-3] Default IP Output Path : Could not find the directory 'K:/My Drive/Grad/FAU_PhD/CDA 4240 - Design of Digital Systems/Labs/Lab0/lab_0/lab_0.gen/sources_1'.
Scanning sources...
Finished scanning sources
INFO: [IP_Flow 19-234] Refreshing IP repositories
INFO: [IP_Flow 19-1704] No user IP repositories specified
INFO: [IP_Flow 19-2313] Loaded Vivado IP repository 'C:/Xilinx/Vivado/2023.2/data/ip'.
open_project: Time (s): cpu = 00:00:16 ; elapsed = 00:00:07 . Memory (MB): peak = 1607.641 ; gain = 242.457
update_compile_order -fileset sources_1
open_run impl_1
INFO: [Device 21-403] Loading part xc7z007sclg400-1
Netlist sorting complete. Time (s): cpu = 00:00:00 ; elapsed = 00:00:00 . Memory (MB): peak = 1984.766 ; gain = 0.000
INFO: [Project 1-479] Netlist was created with Vivado 2023.2
INFO: [Project 1-570] Preparing netlist for logic optimization
Read ShapeDB Complete: Time (s): cpu = 00:00:00 ; elapsed = 00:00:00.019 . Memory (MB): peak = 2077.062 ; gain = 0.000
INFO: [Timing 38-478] Restoring timing data from binary archive.
INFO: [Timing 38-479] Binary timing data restore complete.
INFO: [Project 1-856] Restoring constraints from binary archive.
INFO: [Project 1-853] Binary constraint restore complete.
INFO: [Designutils 20-5722] Start Reading Physical Databases.
Reading placement.
Read Netlist Cache: Time (s): cpu = 00:00:00 ; elapsed = 00:00:00 . Memory (MB): peak = 2598.996 ; gain = 0.000
Reading placer database...
Read Device Cache: Time (s): cpu = 00:00:00 ; elapsed = 00:00:00.012 . Memory (MB): peak = 2598.996 ; gain = 0.000
Read PlaceDB: Time (s): cpu = 00:00:00 ; elapsed = 00:00:00.001 . Memory (MB): peak = 2598.996 ; gain = 0.000
Read PulsedLatchDB: Time (s): cpu = 00:00:00 ; elapsed = 00:00:00 . Memory (MB): peak = 2598.996 ; gain = 0.000
Reading routing.
Read RouteStorage: Time (s): cpu = 00:00:00 ; elapsed = 00:00:00.009 . Memory (MB): peak = 2598.996 ; gain = 0.000
Read Physdb Files: Time (s): cpu = 00:00:00 ; elapsed = 00:00:00.135 . Memory (MB): peak = 2598.996 ; gain = 0.000
Restored from archive | CPU: 0.000000 secs | Memory: 0.000000 MB |
Finished XDEF File Restore: Time (s): cpu = 00:00:00 ; elapsed = 00:00:00.135 . Memory (MB): peak = 2598.996 ; gain = 0.000
Netlist sorting complete. Time (s): cpu = 00:00:00 ; elapsed = 00:00:00 . Memory (MB): peak = 2598.996 ; gain = 0.000
INFO: [Project 1-111] Unisim Transformation Summary:
No Unisim elements were transformed.

open_run: Time (s): cpu = 00:00:15 ; elapsed = 00:00:15 . Memory (MB): peak = 2753.879 ; gain = 1097.402
WARNING: [Timing 38-313] There are no user specified timing constraints. Timing constraints are needed for proper timing analysis.
ERROR: [Constraints 18-429] create_clock: name or pin(s)/port(s) list must be specified.
open_run synth_1 -name synth_1
Design is defaulting to impl run constrset: constrs_1
Design is defaulting to synth run part: xc7z007sclg400-1
Netlist sorting complete. Time (s): cpu = 00:00:00 ; elapsed = 00:00:00 . Memory (MB): peak = 3447.434 ; gain = 0.000
INFO: [Project 1-479] Netlist was created with Vivado 2023.2
INFO: [Project 1-570] Preparing netlist for logic optimization
Parsing XDC File [K:/My Drive/Grad/FAU_PhD/CDA 4240 - Design of Digital Systems/Labs/blackboard_revD.xdc]
WARNING: [Vivado 12-584] No ports matched 'led[0]'. [K:/My Drive/Grad/FAU_PhD/CDA 4240 - Design of Digital Systems/Labs/blackboard_revD.xdc:7]
CRITICAL WARNING: [Common 17-55] 'set_property' expects at least one object. [K:/My Drive/Grad/FAU_PhD/CDA 4240 - Design of Digital Systems/Labs/blackboard_revD.xdc:7]
Resolution: If [get_<value>] was used to populate the object, check to make sure this command returns at least one valid object.
WARNING: [Vivado 12-584] No ports matched 'led[1]'. [K:/My Drive/Grad/FAU_PhD/CDA 4240 - Design of Digital Systems/Labs/blackboard_revD.xdc:8]
CRITICAL WARNING: [Common 17-55] 'set_property' expects at least one object. [K:/My Drive/Grad/FAU_PhD/CDA 4240 - Design of Digital Systems/Labs/blackboard_revD.xdc:8]
Resolution: If [get_<value>] was used to populate the object, check to make sure this command returns at least one valid object.
WARNING: [Vivado 12-584] No ports matched 'led[2]'. [K:/My Drive/Grad/FAU_PhD/CDA 4240 - Design of Digital Systems/Labs/blackboard_revD.xdc:9]
CRITICAL WARNING: [Common 17-55] 'set_property' expects at least one object. [K:/My Drive/Grad/FAU_PhD/CDA 4240 - Design of Digital Systems/Labs/blackboard_revD.xdc:9]
Resolution: If [get_<value>] was used to populate the object, check to make sure this command returns at least one valid object.
WARNING: [Vivado 12-584] No ports matched 'led[3]'. [K:/My Drive/Grad/FAU_PhD/CDA 4240 - Design of Digital Systems/Labs/blackboard_revD.xdc:10]
CRITICAL WARNING: [Common 17-55] 'set_property' expects at least one object. [K:/My Drive/Grad/FAU_PhD/CDA 4240 - Design of Digital Systems/Labs/blackboard_revD.xdc:10]
Resolution: If [get_<value>] was used to populate the object, check to make sure this command returns at least one valid object.
WARNING: [Vivado 12-584] No ports matched 'led[4]'. [K:/My Drive/Grad/FAU_PhD/CDA 4240 - Design of Digital Systems/Labs/blackboard_revD.xdc:11]
CRITICAL WARNING: [Common 17-55] 'set_property' expects at least one object. [K:/My Drive/Grad/FAU_PhD/CDA 4240 - Design of Digital Systems/Labs/blackboard_revD.xdc:11]
Resolution: If [get_<value>] was used to populate the object, check to make sure this command returns at least one valid object.
WARNING: [Vivado 12-584] No ports matched 'led[5]'. [K:/My Drive/Grad/FAU_PhD/CDA 4240 - Design of Digital Systems/Labs/blackboard_revD.xdc:12]
CRITICAL WARNING: [Common 17-55] 'set_property' expects at least one object. [K:/My Drive/Grad/FAU_PhD/CDA 4240 - Design of Digital Systems/Labs/blackboard_revD.xdc:12]
Resolution: If [get_<value>] was used to populate the object, check to make sure this command returns at least one valid object.
WARNING: [Vivado 12-584] No ports matched 'led[6]'. [K:/My Drive/Grad/FAU_PhD/CDA 4240 - Design of Digital Systems/Labs/blackboard_revD.xdc:13]
CRITICAL WARNING: [Common 17-55] 'set_property' expects at least one object. [K:/My Drive/Grad/FAU_PhD/CDA 4240 - Design of Digital Systems/Labs/blackboard_revD.xdc:13]
Resolution: If [get_<value>] was used to populate the object, check to make sure this command returns at least one valid object.
WARNING: [Vivado 12-584] No ports matched 'led[7]'. [K:/My Drive/Grad/FAU_PhD/CDA 4240 - Design of Digital Systems/Labs/blackboard_revD.xdc:14]
CRITICAL WARNING: [Common 17-55] 'set_property' expects at least one object. [K:/My Drive/Grad/FAU_PhD/CDA 4240 - Design of Digital Systems/Labs/blackboard_revD.xdc:14]
Resolution: If [get_<value>] was used to populate the object, check to make sure this command returns at least one valid object.
WARNING: [Vivado 12-584] No ports matched 'led[8]'. [K:/My Drive/Grad/FAU_PhD/CDA 4240 - Design of Digital Systems/Labs/blackboard_revD.xdc:15]
CRITICAL WARNING: [Common 17-55] 'set_property' expects at least one object. [K:/My Drive/Grad/FAU_PhD/CDA 4240 - Design of Digital Systems/Labs/blackboard_revD.xdc:15]
Resolution: If [get_<value>] was used to populate the object, check to make sure this command returns at least one valid object.
WARNING: [Vivado 12-584] No ports matched 'led[9]'. [K:/My Drive/Grad/FAU_PhD/CDA 4240 - Design of Digital Systems/Labs/blackboard_revD.xdc:16]
CRITICAL WARNING: [Common 17-55] 'set_property' expects at least one object. [K:/My Drive/Grad/FAU_PhD/CDA 4240 - Design of Digital Systems/Labs/blackboard_revD.xdc:16]
Resolution: If [get_<value>] was used to populate the object, check to make sure this command returns at least one valid object.
WARNING: [Vivado 12-584] No ports matched 'RGB_led_A[0]'. [K:/My Drive/Grad/FAU_PhD/CDA 4240 - Design of Digital Systems/Labs/blackboard_revD.xdc:19]
CRITICAL WARNING: [Common 17-55] 'set_property' expects at least one object. [K:/My Drive/Grad/FAU_PhD/CDA 4240 - Design of Digital Systems/Labs/blackboard_revD.xdc:19]
Resolution: If [get_<value>] was used to populate the object, check to make sure this command returns at least one valid object.
WARNING: [Vivado 12-584] No ports matched 'RGB_led_A[1]'. [K:/My Drive/Grad/FAU_PhD/CDA 4240 - Design of Digital Systems/Labs/blackboard_revD.xdc:20]
CRITICAL WARNING: [Common 17-55] 'set_property' expects at least one object. [K:/My Drive/Grad/FAU_PhD/CDA 4240 - Design of Digital Systems/Labs/blackboard_revD.xdc:20]
Resolution: If [get_<value>] was used to populate the object, check to make sure this command returns at least one valid object.
WARNING: [Vivado 12-584] No ports matched 'RGB_led_A[2]'. [K:/My Drive/Grad/FAU_PhD/CDA 4240 - Design of Digital Systems/Labs/blackboard_revD.xdc:21]
CRITICAL WARNING: [Common 17-55] 'set_property' expects at least one object. [K:/My Drive/Grad/FAU_PhD/CDA 4240 - Design of Digital Systems/Labs/blackboard_revD.xdc:21]
Resolution: If [get_<value>] was used to populate the object, check to make sure this command returns at least one valid object.
WARNING: [Vivado 12-584] No ports matched 'RGB_led_B[0]'. [K:/My Drive/Grad/FAU_PhD/CDA 4240 - Design of Digital Systems/Labs/blackboard_revD.xdc:23]
CRITICAL WARNING: [Common 17-55] 'set_property' expects at least one object. [K:/My Drive/Grad/FAU_PhD/CDA 4240 - Design of Digital Systems/Labs/blackboard_revD.xdc:23]
Resolution: If [get_<value>] was used to populate the object, check to make sure this command returns at least one valid object.
WARNING: [Vivado 12-584] No ports matched 'RGB_led_B[1]'. [K:/My Drive/Grad/FAU_PhD/CDA 4240 - Design of Digital Systems/Labs/blackboard_revD.xdc:24]
CRITICAL WARNING: [Common 17-55] 'set_property' expects at least one object. [K:/My Drive/Grad/FAU_PhD/CDA 4240 - Design of Digital Systems/Labs/blackboard_revD.xdc:24]
Resolution: If [get_<value>] was used to populate the object, check to make sure this command returns at least one valid object.
WARNING: [Vivado 12-584] No ports matched 'RGB_led_B[2]'. [K:/My Drive/Grad/FAU_PhD/CDA 4240 - Design of Digital Systems/Labs/blackboard_revD.xdc:25]
CRITICAL WARNING: [Common 17-55] 'set_property' expects at least one object. [K:/My Drive/Grad/FAU_PhD/CDA 4240 - Design of Digital Systems/Labs/blackboard_revD.xdc:25]
Resolution: If [get_<value>] was used to populate the object, check to make sure this command returns at least one valid object.
WARNING: [Vivado 12-584] No ports matched 'sw[0]'. [K:/My Drive/Grad/FAU_PhD/CDA 4240 - Design of Digital Systems/Labs/blackboard_revD.xdc:28]
CRITICAL WARNING: [Common 17-55] 'set_property' expects at least one object. [K:/My Drive/Grad/FAU_PhD/CDA 4240 - Design of Digital Systems/Labs/blackboard_revD.xdc:28]
Resolution: If [get_<value>] was used to populate the object, check to make sure this command returns at least one valid object.
WARNING: [Vivado 12-584] No ports matched 'sw[1]'. [K:/My Drive/Grad/FAU_PhD/CDA 4240 - Design of Digital Systems/Labs/blackboard_revD.xdc:29]
CRITICAL WARNING: [Common 17-55] 'set_property' expects at least one object. [K:/My Drive/Grad/FAU_PhD/CDA 4240 - Design of Digital Systems/Labs/blackboard_revD.xdc:29]
Resolution: If [get_<value>] was used to populate the object, check to make sure this command returns at least one valid object.
WARNING: [Vivado 12-584] No ports matched 'sw[2]'. [K:/My Drive/Grad/FAU_PhD/CDA 4240 - Design of Digital Systems/Labs/blackboard_revD.xdc:30]
CRITICAL WARNING: [Common 17-55] 'set_property' expects at least one object. [K:/My Drive/Grad/FAU_PhD/CDA 4240 - Design of Digital Systems/Labs/blackboard_revD.xdc:30]
Resolution: If [get_<value>] was used to populate the object, check to make sure this command returns at least one valid object.
WARNING: [Vivado 12-584] No ports matched 'sw[3]'. [K:/My Drive/Grad/FAU_PhD/CDA 4240 - Design of Digital Systems/Labs/blackboard_revD.xdc:31]
CRITICAL WARNING: [Common 17-55] 'set_property' expects at least one object. [K:/My Drive/Grad/FAU_PhD/CDA 4240 - Design of Digital Systems/Labs/blackboard_revD.xdc:31]
Resolution: If [get_<value>] was used to populate the object, check to make sure this command returns at least one valid object.
WARNING: [Vivado 12-584] No ports matched 'sw[4]'. [K:/My Drive/Grad/FAU_PhD/CDA 4240 - Design of Digital Systems/Labs/blackboard_revD.xdc:32]
CRITICAL WARNING: [Common 17-55] 'set_property' expects at least one object. [K:/My Drive/Grad/FAU_PhD/CDA 4240 - Design of Digital Systems/Labs/blackboard_revD.xdc:32]
Resolution: If [get_<value>] was used to populate the object, check to make sure this command returns at least one valid object.
WARNING: [Vivado 12-584] No ports matched 'sw[5]'. [K:/My Drive/Grad/FAU_PhD/CDA 4240 - Design of Digital Systems/Labs/blackboard_revD.xdc:33]
CRITICAL WARNING: [Common 17-55] 'set_property' expects at least one object. [K:/My Drive/Grad/FAU_PhD/CDA 4240 - Design of Digital Systems/Labs/blackboard_revD.xdc:33]
Resolution: If [get_<value>] was used to populate the object, check to make sure this command returns at least one valid object.
WARNING: [Vivado 12-584] No ports matched 'sw[6]'. [K:/My Drive/Grad/FAU_PhD/CDA 4240 - Design of Digital Systems/Labs/blackboard_revD.xdc:34]
CRITICAL WARNING: [Common 17-55] 'set_property' expects at least one object. [K:/My Drive/Grad/FAU_PhD/CDA 4240 - Design of Digital Systems/Labs/blackboard_revD.xdc:34]
Resolution: If [get_<value>] was used to populate the object, check to make sure this command returns at least one valid object.
WARNING: [Vivado 12-584] No ports matched 'sw[7]'. [K:/My Drive/Grad/FAU_PhD/CDA 4240 - Design of Digital Systems/Labs/blackboard_revD.xdc:35]
CRITICAL WARNING: [Common 17-55] 'set_property' expects at least one object. [K:/My Drive/Grad/FAU_PhD/CDA 4240 - Design of Digital Systems/Labs/blackboard_revD.xdc:35]
Resolution: If [get_<value>] was used to populate the object, check to make sure this command returns at least one valid object.
WARNING: [Vivado 12-584] No ports matched 'sw[8]'. [K:/My Drive/Grad/FAU_PhD/CDA 4240 - Design of Digital Systems/Labs/blackboard_revD.xdc:36]
CRITICAL WARNING: [Common 17-55] 'set_property' expects at least one object. [K:/My Drive/Grad/FAU_PhD/CDA 4240 - Design of Digital Systems/Labs/blackboard_revD.xdc:36]
Resolution: If [get_<value>] was used to populate the object, check to make sure this command returns at least one valid object.
WARNING: [Vivado 12-584] No ports matched 'sw[9]'. [K:/My Drive/Grad/FAU_PhD/CDA 4240 - Design of Digital Systems/Labs/blackboard_revD.xdc:37]
CRITICAL WARNING: [Common 17-55] 'set_property' expects at least one object. [K:/My Drive/Grad/FAU_PhD/CDA 4240 - Design of Digital Systems/Labs/blackboard_revD.xdc:37]
Resolution: If [get_<value>] was used to populate the object, check to make sure this command returns at least one valid object.
WARNING: [Vivado 12-584] No ports matched 'sw[10]'. [K:/My Drive/Grad/FAU_PhD/CDA 4240 - Design of Digital Systems/Labs/blackboard_revD.xdc:38]
CRITICAL WARNING: [Common 17-55] 'set_property' expects at least one object. [K:/My Drive/Grad/FAU_PhD/CDA 4240 - Design of Digital Systems/Labs/blackboard_revD.xdc:38]
Resolution: If [get_<value>] was used to populate the object, check to make sure this command returns at least one valid object.
WARNING: [Vivado 12-584] No ports matched 'sw[11]'. [K:/My Drive/Grad/FAU_PhD/CDA 4240 - Design of Digital Systems/Labs/blackboard_revD.xdc:39]
CRITICAL WARNING: [Common 17-55] 'set_property' expects at least one object. [K:/My Drive/Grad/FAU_PhD/CDA 4240 - Design of Digital Systems/Labs/blackboard_revD.xdc:39]
Resolution: If [get_<value>] was used to populate the object, check to make sure this command returns at least one valid object.
WARNING: [Vivado 12-584] No ports matched 'btn[0]'. [K:/My Drive/Grad/FAU_PhD/CDA 4240 - Design of Digital Systems/Labs/blackboard_revD.xdc:42]
CRITICAL WARNING: [Common 17-55] 'set_property' expects at least one object. [K:/My Drive/Grad/FAU_PhD/CDA 4240 - Design of Digital Systems/Labs/blackboard_revD.xdc:42]
Resolution: If [get_<value>] was used to populate the object, check to make sure this command returns at least one valid object.
WARNING: [Vivado 12-584] No ports matched 'btn[1]'. [K:/My Drive/Grad/FAU_PhD/CDA 4240 - Design of Digital Systems/Labs/blackboard_revD.xdc:43]
CRITICAL WARNING: [Common 17-55] 'set_property' expects at least one object. [K:/My Drive/Grad/FAU_PhD/CDA 4240 - Design of Digital Systems/Labs/blackboard_revD.xdc:43]
Resolution: If [get_<value>] was used to populate the object, check to make sure this command returns at least one valid object.
WARNING: [Vivado 12-584] No ports matched 'btn[2]'. [K:/My Drive/Grad/FAU_PhD/CDA 4240 - Design of Digital Systems/Labs/blackboard_revD.xdc:44]
CRITICAL WARNING: [Common 17-55] 'set_property' expects at least one object. [K:/My Drive/Grad/FAU_PhD/CDA 4240 - Design of Digital Systems/Labs/blackboard_revD.xdc:44]
Resolution: If [get_<value>] was used to populate the object, check to make sure this command returns at least one valid object.
WARNING: [Vivado 12-584] No ports matched 'btn[3]'. [K:/My Drive/Grad/FAU_PhD/CDA 4240 - Design of Digital Systems/Labs/blackboard_revD.xdc:45]
CRITICAL WARNING: [Common 17-55] 'set_property' expects at least one object. [K:/My Drive/Grad/FAU_PhD/CDA 4240 - Design of Digital Systems/Labs/blackboard_revD.xdc:45]
Resolution: If [get_<value>] was used to populate the object, check to make sure this command returns at least one valid object.
WARNING: [Vivado 12-584] No ports matched 'seg_an[0]'. [K:/My Drive/Grad/FAU_PhD/CDA 4240 - Design of Digital Systems/Labs/blackboard_revD.xdc:48]
CRITICAL WARNING: [Common 17-55] 'set_property' expects at least one object. [K:/My Drive/Grad/FAU_PhD/CDA 4240 - Design of Digital Systems/Labs/blackboard_revD.xdc:48]
Resolution: If [get_<value>] was used to populate the object, check to make sure this command returns at least one valid object.
WARNING: [Vivado 12-584] No ports matched 'seg_an[1]'. [K:/My Drive/Grad/FAU_PhD/CDA 4240 - Design of Digital Systems/Labs/blackboard_revD.xdc:49]
CRITICAL WARNING: [Common 17-55] 'set_property' expects at least one object. [K:/My Drive/Grad/FAU_PhD/CDA 4240 - Design of Digital Systems/Labs/blackboard_revD.xdc:49]
Resolution: If [get_<value>] was used to populate the object, check to make sure this command returns at least one valid object.
WARNING: [Vivado 12-584] No ports matched 'seg_an[2]'. [K:/My Drive/Grad/FAU_PhD/CDA 4240 - Design of Digital Systems/Labs/blackboard_revD.xdc:50]
CRITICAL WARNING: [Common 17-55] 'set_property' expects at least one object. [K:/My Drive/Grad/FAU_PhD/CDA 4240 - Design of Digital Systems/Labs/blackboard_revD.xdc:50]
Resolution: If [get_<value>] was used to populate the object, check to make sure this command returns at least one valid object.
WARNING: [Vivado 12-584] No ports matched 'seg_an[3]'. [K:/My Drive/Grad/FAU_PhD/CDA 4240 - Design of Digital Systems/Labs/blackboard_revD.xdc:51]
CRITICAL WARNING: [Common 17-55] 'set_property' expects at least one object. [K:/My Drive/Grad/FAU_PhD/CDA 4240 - Design of Digital Systems/Labs/blackboard_revD.xdc:51]
Resolution: If [get_<value>] was used to populate the object, check to make sure this command returns at least one valid object.
WARNING: [Vivado 12-584] No ports matched 'seg_cat[0]'. [K:/My Drive/Grad/FAU_PhD/CDA 4240 - Design of Digital Systems/Labs/blackboard_revD.xdc:54]
CRITICAL WARNING: [Common 17-55] 'set_property' expects at least one object. [K:/My Drive/Grad/FAU_PhD/CDA 4240 - Design of Digital Systems/Labs/blackboard_revD.xdc:54]
Resolution: If [get_<value>] was used to populate the object, check to make sure this command returns at least one valid object.
WARNING: [Vivado 12-584] No ports matched 'seg_cat[1]'. [K:/My Drive/Grad/FAU_PhD/CDA 4240 - Design of Digital Systems/Labs/blackboard_revD.xdc:55]
CRITICAL WARNING: [Common 17-55] 'set_property' expects at least one object. [K:/My Drive/Grad/FAU_PhD/CDA 4240 - Design of Digital Systems/Labs/blackboard_revD.xdc:55]
Resolution: If [get_<value>] was used to populate the object, check to make sure this command returns at least one valid object.
WARNING: [Vivado 12-584] No ports matched 'seg_cat[2]'. [K:/My Drive/Grad/FAU_PhD/CDA 4240 - Design of Digital Systems/Labs/blackboard_revD.xdc:56]
CRITICAL WARNING: [Common 17-55] 'set_property' expects at least one object. [K:/My Drive/Grad/FAU_PhD/CDA 4240 - Design of Digital Systems/Labs/blackboard_revD.xdc:56]
Resolution: If [get_<value>] was used to populate the object, check to make sure this command returns at least one valid object.
WARNING: [Vivado 12-584] No ports matched 'seg_cat[3]'. [K:/My Drive/Grad/FAU_PhD/CDA 4240 - Design of Digital Systems/Labs/blackboard_revD.xdc:57]
CRITICAL WARNING: [Common 17-55] 'set_property' expects at least one object. [K:/My Drive/Grad/FAU_PhD/CDA 4240 - Design of Digital Systems/Labs/blackboard_revD.xdc:57]
Resolution: If [get_<value>] was used to populate the object, check to make sure this command returns at least one valid object.
WARNING: [Vivado 12-584] No ports matched 'seg_cat[4]'. [K:/My Drive/Grad/FAU_PhD/CDA 4240 - Design of Digital Systems/Labs/blackboard_revD.xdc:58]
CRITICAL WARNING: [Common 17-55] 'set_property' expects at least one object. [K:/My Drive/Grad/FAU_PhD/CDA 4240 - Design of Digital Systems/Labs/blackboard_revD.xdc:58]
Resolution: If [get_<value>] was used to populate the object, check to make sure this command returns at least one valid object.
WARNING: [Vivado 12-584] No ports matched 'seg_cat[5]'. [K:/My Drive/Grad/FAU_PhD/CDA 4240 - Design of Digital Systems/Labs/blackboard_revD.xdc:59]
CRITICAL WARNING: [Common 17-55] 'set_property' expects at least one object. [K:/My Drive/Grad/FAU_PhD/CDA 4240 - Design of Digital Systems/Labs/blackboard_revD.xdc:59]
Resolution: If [get_<value>] was used to populate the object, check to make sure this command returns at least one valid object.
WARNING: [Vivado 12-584] No ports matched 'seg_cat[6]'. [K:/My Drive/Grad/FAU_PhD/CDA 4240 - Design of Digital Systems/Labs/blackboard_revD.xdc:60]
CRITICAL WARNING: [Common 17-55] 'set_property' expects at least one object. [K:/My Drive/Grad/FAU_PhD/CDA 4240 - Design of Digital Systems/Labs/blackboard_revD.xdc:60]
Resolution: If [get_<value>] was used to populate the object, check to make sure this command returns at least one valid object.
WARNING: [Vivado 12-584] No ports matched 'seg_cat[7]'. [K:/My Drive/Grad/FAU_PhD/CDA 4240 - Design of Digital Systems/Labs/blackboard_revD.xdc:61]
CRITICAL WARNING: [Common 17-55] 'set_property' expects at least one object. [K:/My Drive/Grad/FAU_PhD/CDA 4240 - Design of Digital Systems/Labs/blackboard_revD.xdc:61]
Resolution: If [get_<value>] was used to populate the object, check to make sure this command returns at least one valid object.
Finished Parsing XDC File [K:/My Drive/Grad/FAU_PhD/CDA 4240 - Design of Digital Systems/Labs/blackboard_revD.xdc]
INFO: [Opt 31-138] Pushed 0 inverter(s) to 0 load pin(s).
Netlist sorting complete. Time (s): cpu = 00:00:00 ; elapsed = 00:00:00 . Memory (MB): peak = 3447.434 ; gain = 0.000
INFO: [Project 1-111] Unisim Transformation Summary:
No Unisim elements were transformed.

launch_simulation
Command: launch_simulation 
INFO: [Vivado 12-12493] Simulation top is 'mysim1'
WARNING: [Vivado 12-13340] Unable to auto find GCC executables from simulator install path! (path not set)
boost::filesystem::remove: The process cannot access the file because it is being used by another process: "K:/My Drive/Grad/FAU_PhD/CDA 4240 - Design of Digital Systems/Labs/Lab0/lab_0/lab_0.sim/sim_1/behav/xsim/simulate.log"
launch_simulation
Command: launch_simulation 
INFO: [Vivado 12-12493] Simulation top is 'mysim1'
WARNING: [Vivado 12-13340] Unable to auto find GCC executables from simulator install path! (path not set)
boost::filesystem::remove: The process cannot access the file because it is being used by another process: "K:/My Drive/Grad/FAU_PhD/CDA 4240 - Design of Digital Systems/Labs/Lab0/lab_0/lab_0.sim/sim_1/behav/xsim/simulate.log"
exit
INFO: [Common 17-206] Exiting Vivado at Sat Jan 13 16:22:25 2024...
