
*** Running vivado
    with args -log reg_file.vds -m64 -product Vivado -mode batch -messageDb vivado.pb -notrace -source reg_file.tcl



****** Vivado v2023.2 (64-bit)
  **** SW Build 4029153 on Fri Oct 13 20:14:34 MDT 2023
  **** IP Build 4028589 on Sat Oct 14 00:45:43 MDT 2023
  **** SharedData Build 4025554 on Tue Oct 10 17:18:54 MDT 2023
    ** Copyright 1986-2022 Xilinx, Inc. All Rights Reserved.
    ** Copyright 2022-2023 Advanced Micro Devices, Inc. All Rights Reserved.

source reg_file.tcl -notrace
Command: read_checkpoint -auto_incremental -incremental {K:/My Drive/Grad/FAU_PhD/CDA 4240 - Design of Digital Systems/Labs/Lab2/lab2/lab2.srcs/utils_1/imports/synth_1/reg_file.dcp}
INFO: [Vivado 12-5825] Read reference checkpoint from K:/My Drive/Grad/FAU_PhD/CDA 4240 - Design of Digital Systems/Labs/Lab2/lab2/lab2.srcs/utils_1/imports/synth_1/reg_file.dcp for incremental synthesis
INFO: [Vivado 12-7989] Please ensure there are no constraint changes
Command: synth_design -top reg_file -part xc7z007sclg400-1
Starting synth_design
Attempting to get a license for feature 'Synthesis' and/or device 'xc7z007s'
INFO: [Common 17-349] Got license for feature 'Synthesis' and/or device 'xc7z007s'
INFO: [Device 21-403] Loading part xc7z007sclg400-1
INFO: [Designutils 20-5440] No compile time benefit to using incremental synthesis; A full resynthesis will be run
INFO: [Designutils 20-4379] Flow is switching to default flow due to incremental criteria not met. If you would like to alter this behaviour and have the flow terminate instead, please set the following parameter config_implementation {autoIncr.Synth.RejectBehavior Terminate}
INFO: [Synth 8-7079] Multithreading enabled for synth_design using a maximum of 2 processes.
INFO: [Synth 8-7078] Launching helper process for spawning children vivado processes
INFO: [Synth 8-7075] Helper process launched with PID 8048
---------------------------------------------------------------------------------
Starting RTL Elaboration : Time (s): cpu = 00:00:04 ; elapsed = 00:00:06 . Memory (MB): peak = 1390.320 ; gain = 441.043
---------------------------------------------------------------------------------
INFO: [Synth 8-638] synthesizing module 'reg_file' [K:/My Drive/Grad/FAU_PhD/CDA 4240 - Design of Digital Systems/Labs/Lab2/design.vhd:133]
INFO: [Synth 8-3491] module 'reg_module' declared at 'K:/My Drive/Grad/FAU_PhD/CDA 4240 - Design of Digital Systems/Labs/Lab2/design.vhd:4' bound to instance 'reg_module_inst_0' of component 'reg_module' [K:/My Drive/Grad/FAU_PhD/CDA 4240 - Design of Digital Systems/Labs/Lab2/design.vhd:177]
INFO: [Synth 8-638] synthesizing module 'reg_module' [K:/My Drive/Grad/FAU_PhD/CDA 4240 - Design of Digital Systems/Labs/Lab2/design.vhd:13]
INFO: [Synth 8-256] done synthesizing module 'reg_module' (0#1) [K:/My Drive/Grad/FAU_PhD/CDA 4240 - Design of Digital Systems/Labs/Lab2/design.vhd:13]
INFO: [Synth 8-3491] module 'reg_module' declared at 'K:/My Drive/Grad/FAU_PhD/CDA 4240 - Design of Digital Systems/Labs/Lab2/design.vhd:4' bound to instance 'reg_module_inst_1' of component 'reg_module' [K:/My Drive/Grad/FAU_PhD/CDA 4240 - Design of Digital Systems/Labs/Lab2/design.vhd:185]
INFO: [Synth 8-3491] module 'reg_module' declared at 'K:/My Drive/Grad/FAU_PhD/CDA 4240 - Design of Digital Systems/Labs/Lab2/design.vhd:4' bound to instance 'reg_module_inst_2' of component 'reg_module' [K:/My Drive/Grad/FAU_PhD/CDA 4240 - Design of Digital Systems/Labs/Lab2/design.vhd:193]
INFO: [Synth 8-3491] module 'reg_module' declared at 'K:/My Drive/Grad/FAU_PhD/CDA 4240 - Design of Digital Systems/Labs/Lab2/design.vhd:4' bound to instance 'reg_module_inst_3' of component 'reg_module' [K:/My Drive/Grad/FAU_PhD/CDA 4240 - Design of Digital Systems/Labs/Lab2/design.vhd:201]
INFO: [Synth 8-3491] module 'reg_module' declared at 'K:/My Drive/Grad/FAU_PhD/CDA 4240 - Design of Digital Systems/Labs/Lab2/design.vhd:4' bound to instance 'reg_module_inst_4' of component 'reg_module' [K:/My Drive/Grad/FAU_PhD/CDA 4240 - Design of Digital Systems/Labs/Lab2/design.vhd:209]
INFO: [Synth 8-3491] module 'reg_module' declared at 'K:/My Drive/Grad/FAU_PhD/CDA 4240 - Design of Digital Systems/Labs/Lab2/design.vhd:4' bound to instance 'reg_module_inst_5' of component 'reg_module' [K:/My Drive/Grad/FAU_PhD/CDA 4240 - Design of Digital Systems/Labs/Lab2/design.vhd:217]
INFO: [Synth 8-3491] module 'reg_module' declared at 'K:/My Drive/Grad/FAU_PhD/CDA 4240 - Design of Digital Systems/Labs/Lab2/design.vhd:4' bound to instance 'reg_module_inst_6' of component 'reg_module' [K:/My Drive/Grad/FAU_PhD/CDA 4240 - Design of Digital Systems/Labs/Lab2/design.vhd:225]
INFO: [Synth 8-3491] module 'reg_module' declared at 'K:/My Drive/Grad/FAU_PhD/CDA 4240 - Design of Digital Systems/Labs/Lab2/design.vhd:4' bound to instance 'reg_module_inst_7' of component 'reg_module' [K:/My Drive/Grad/FAU_PhD/CDA 4240 - Design of Digital Systems/Labs/Lab2/design.vhd:233]
INFO: [Synth 8-3491] module 'decoder_3to8' declared at 'K:/My Drive/Grad/FAU_PhD/CDA 4240 - Design of Digital Systems/Labs/Lab2/design.vhd:77' bound to instance 'decoder_3to8_inst' of component 'decoder_3to8' [K:/My Drive/Grad/FAU_PhD/CDA 4240 - Design of Digital Systems/Labs/Lab2/design.vhd:242]
INFO: [Synth 8-638] synthesizing module 'decoder_3to8' [K:/My Drive/Grad/FAU_PhD/CDA 4240 - Design of Digital Systems/Labs/Lab2/design.vhd:85]
INFO: [Synth 8-256] done synthesizing module 'decoder_3to8' (0#1) [K:/My Drive/Grad/FAU_PhD/CDA 4240 - Design of Digital Systems/Labs/Lab2/design.vhd:85]
INFO: [Synth 8-3491] module 'mux_8to1' declared at 'K:/My Drive/Grad/FAU_PhD/CDA 4240 - Design of Digital Systems/Labs/Lab2/design.vhd:33' bound to instance 'mux_8to1_inst' of component 'mux_8to1' [K:/My Drive/Grad/FAU_PhD/CDA 4240 - Design of Digital Systems/Labs/Lab2/design.vhd:248]
INFO: [Synth 8-638] synthesizing module 'mux_8to1' [K:/My Drive/Grad/FAU_PhD/CDA 4240 - Design of Digital Systems/Labs/Lab2/design.vhd:42]
INFO: [Synth 8-256] done synthesizing module 'mux_8to1' (0#1) [K:/My Drive/Grad/FAU_PhD/CDA 4240 - Design of Digital Systems/Labs/Lab2/design.vhd:42]
INFO: [Synth 8-256] done synthesizing module 'reg_file' (0#1) [K:/My Drive/Grad/FAU_PhD/CDA 4240 - Design of Digital Systems/Labs/Lab2/design.vhd:133]
---------------------------------------------------------------------------------
Finished RTL Elaboration : Time (s): cpu = 00:00:06 ; elapsed = 00:00:08 . Memory (MB): peak = 1497.453 ; gain = 548.176
---------------------------------------------------------------------------------
---------------------------------------------------------------------------------
Start Handling Custom Attributes
---------------------------------------------------------------------------------
---------------------------------------------------------------------------------
Finished Handling Custom Attributes : Time (s): cpu = 00:00:06 ; elapsed = 00:00:08 . Memory (MB): peak = 1497.453 ; gain = 548.176
---------------------------------------------------------------------------------
---------------------------------------------------------------------------------
Finished RTL Optimization Phase 1 : Time (s): cpu = 00:00:06 ; elapsed = 00:00:08 . Memory (MB): peak = 1497.453 ; gain = 548.176
---------------------------------------------------------------------------------
Netlist sorting complete. Time (s): cpu = 00:00:00 ; elapsed = 00:00:00 . Memory (MB): peak = 1497.453 ; gain = 0.000
INFO: [Project 1-570] Preparing netlist for logic optimization

Processing XDC Constraints
Initializing timing engine
Parsing XDC File [K:/My Drive/Grad/FAU_PhD/CDA 4240 - Design of Digital Systems/Labs/blackboard_revD.xdc]
Finished Parsing XDC File [K:/My Drive/Grad/FAU_PhD/CDA 4240 - Design of Digital Systems/Labs/blackboard_revD.xdc]
INFO: [Project 1-236] Implementation specific constraints were found while reading constraint file [K:/My Drive/Grad/FAU_PhD/CDA 4240 - Design of Digital Systems/Labs/blackboard_revD.xdc]. These constraints will be ignored for synthesis but will be used in implementation. Impacted constraints are listed in the file [.Xil/reg_file_propImpl.xdc].
Resolution: To avoid this warning, move constraints listed in [.Xil/reg_file_propImpl.xdc] to another XDC file and exclude this new file from synthesis with the used_in_synthesis property (File Properties dialog in GUI) and re-run elaboration/synthesis.
Completed Processing XDC Constraints

Netlist sorting complete. Time (s): cpu = 00:00:00 ; elapsed = 00:00:00 . Memory (MB): peak = 1583.758 ; gain = 0.000
INFO: [Project 1-111] Unisim Transformation Summary:
No Unisim elements were transformed.

The system cannot find the file specified.
Constraint Validation Runtime : Time (s): cpu = 00:00:00 ; elapsed = 00:00:00.017 . Memory (MB): peak = 1583.758 ; gain = 0.000
INFO: [Designutils 20-5440] No compile time benefit to using incremental synthesis; A full resynthesis will be run
INFO: [Designutils 20-4379] Flow is switching to default flow due to incremental criteria not met. If you would like to alter this behaviour and have the flow terminate instead, please set the following parameter config_implementation {autoIncr.Synth.RejectBehavior Terminate}
---------------------------------------------------------------------------------
Finished Constraint Validation : Time (s): cpu = 00:00:13 ; elapsed = 00:00:15 . Memory (MB): peak = 1583.758 ; gain = 634.480
---------------------------------------------------------------------------------
---------------------------------------------------------------------------------
Start Loading Part and Timing Information
---------------------------------------------------------------------------------
Loading part: xc7z007sclg400-1
---------------------------------------------------------------------------------
Finished Loading Part and Timing Information : Time (s): cpu = 00:00:13 ; elapsed = 00:00:15 . Memory (MB): peak = 1583.758 ; gain = 634.480
---------------------------------------------------------------------------------
---------------------------------------------------------------------------------
Start Applying 'set_property' XDC Constraints
---------------------------------------------------------------------------------
---------------------------------------------------------------------------------
Finished applying 'set_property' XDC Constraints : Time (s): cpu = 00:00:13 ; elapsed = 00:00:15 . Memory (MB): peak = 1583.758 ; gain = 634.480
---------------------------------------------------------------------------------
---------------------------------------------------------------------------------
Finished RTL Optimization Phase 2 : Time (s): cpu = 00:00:13 ; elapsed = 00:00:16 . Memory (MB): peak = 1583.758 ; gain = 634.480
---------------------------------------------------------------------------------
---------------------------------------------------------------------------------
Start RTL Component Statistics 
---------------------------------------------------------------------------------
Detailed RTL Component Info : 
+---Registers : 
	                4 Bit    Registers := 8     
+---Muxes : 
	   9 Input    8 Bit        Muxes := 1     
---------------------------------------------------------------------------------
Finished RTL Component Statistics 
---------------------------------------------------------------------------------
---------------------------------------------------------------------------------
Start Part Resource Summary
---------------------------------------------------------------------------------
Part Resources:
DSPs: 66 (col length:40)
BRAMs: 100 (col length: RAMB18 40 RAMB36 20)
---------------------------------------------------------------------------------
Finished Part Resource Summary
---------------------------------------------------------------------------------
---------------------------------------------------------------------------------
Start Cross Boundary and Area Optimization
---------------------------------------------------------------------------------
WARNING: [Synth 8-7080] Parallel synthesis criteria is not met
---------------------------------------------------------------------------------
Finished Cross Boundary and Area Optimization : Time (s): cpu = 00:00:14 ; elapsed = 00:00:17 . Memory (MB): peak = 1583.758 ; gain = 634.480
---------------------------------------------------------------------------------
---------------------------------------------------------------------------------
Start Applying XDC Timing Constraints
---------------------------------------------------------------------------------
---------------------------------------------------------------------------------
Finished Applying XDC Timing Constraints : Time (s): cpu = 00:00:17 ; elapsed = 00:00:21 . Memory (MB): peak = 1583.758 ; gain = 634.480
---------------------------------------------------------------------------------
---------------------------------------------------------------------------------
Start Timing Optimization
---------------------------------------------------------------------------------
---------------------------------------------------------------------------------
Finished Timing Optimization : Time (s): cpu = 00:00:17 ; elapsed = 00:00:21 . Memory (MB): peak = 1583.758 ; gain = 634.480
---------------------------------------------------------------------------------
---------------------------------------------------------------------------------
Start Technology Mapping
---------------------------------------------------------------------------------
---------------------------------------------------------------------------------
Finished Technology Mapping : Time (s): cpu = 00:00:18 ; elapsed = 00:00:21 . Memory (MB): peak = 1583.758 ; gain = 634.480
---------------------------------------------------------------------------------
---------------------------------------------------------------------------------
Start IO Insertion
---------------------------------------------------------------------------------
---------------------------------------------------------------------------------
Start Flattening Before IO Insertion
---------------------------------------------------------------------------------
---------------------------------------------------------------------------------
Finished Flattening Before IO Insertion
---------------------------------------------------------------------------------
---------------------------------------------------------------------------------
Start Final Netlist Cleanup
---------------------------------------------------------------------------------
---------------------------------------------------------------------------------
Finished Final Netlist Cleanup
---------------------------------------------------------------------------------
---------------------------------------------------------------------------------
Finished IO Insertion : Time (s): cpu = 00:00:21 ; elapsed = 00:00:24 . Memory (MB): peak = 1583.758 ; gain = 634.480
---------------------------------------------------------------------------------
---------------------------------------------------------------------------------
Start Renaming Generated Instances
---------------------------------------------------------------------------------
---------------------------------------------------------------------------------
Finished Renaming Generated Instances : Time (s): cpu = 00:00:21 ; elapsed = 00:00:24 . Memory (MB): peak = 1583.758 ; gain = 634.480
---------------------------------------------------------------------------------
---------------------------------------------------------------------------------
Start Rebuilding User Hierarchy
---------------------------------------------------------------------------------
---------------------------------------------------------------------------------
Finished Rebuilding User Hierarchy : Time (s): cpu = 00:00:21 ; elapsed = 00:00:24 . Memory (MB): peak = 1583.758 ; gain = 634.480
---------------------------------------------------------------------------------
---------------------------------------------------------------------------------
Start Renaming Generated Ports
---------------------------------------------------------------------------------
---------------------------------------------------------------------------------
Finished Renaming Generated Ports : Time (s): cpu = 00:00:21 ; elapsed = 00:00:24 . Memory (MB): peak = 1583.758 ; gain = 634.480
---------------------------------------------------------------------------------
---------------------------------------------------------------------------------
Start Handling Custom Attributes
---------------------------------------------------------------------------------
---------------------------------------------------------------------------------
Finished Handling Custom Attributes : Time (s): cpu = 00:00:21 ; elapsed = 00:00:24 . Memory (MB): peak = 1583.758 ; gain = 634.480
---------------------------------------------------------------------------------
---------------------------------------------------------------------------------
Start Renaming Generated Nets
---------------------------------------------------------------------------------
---------------------------------------------------------------------------------
Finished Renaming Generated Nets : Time (s): cpu = 00:00:21 ; elapsed = 00:00:24 . Memory (MB): peak = 1583.758 ; gain = 634.480
---------------------------------------------------------------------------------
---------------------------------------------------------------------------------
Start Writing Synthesis Report
---------------------------------------------------------------------------------

Report BlackBoxes: 
+-+--------------+----------+
| |BlackBox name |Instances |
+-+--------------+----------+
+-+--------------+----------+

Report Cell Usage: 
+------+------+------+
|      |Cell  |Count |
+------+------+------+
|1     |BUFG  |     1|
|2     |LUT1  |     1|
|3     |LUT4  |     8|
|4     |LUT6  |     8|
|5     |MUXF7 |     4|
|6     |FDCE  |    32|
|7     |IBUF  |    10|
|8     |OBUF  |     4|
+------+------+------+
---------------------------------------------------------------------------------
Finished Writing Synthesis Report : Time (s): cpu = 00:00:21 ; elapsed = 00:00:24 . Memory (MB): peak = 1583.758 ; gain = 634.480
---------------------------------------------------------------------------------
Synthesis finished with 0 errors, 0 critical warnings and 1 warnings.
Synthesis Optimization Runtime : Time (s): cpu = 00:00:14 ; elapsed = 00:00:22 . Memory (MB): peak = 1583.758 ; gain = 548.176
Synthesis Optimization Complete : Time (s): cpu = 00:00:21 ; elapsed = 00:00:24 . Memory (MB): peak = 1583.758 ; gain = 634.480
INFO: [Project 1-571] Translating synthesized netlist
Netlist sorting complete. Time (s): cpu = 00:00:00 ; elapsed = 00:00:00 . Memory (MB): peak = 1583.758 ; gain = 0.000
INFO: [Netlist 29-17] Analyzing 4 Unisim elements for replacement
INFO: [Netlist 29-28] Unisim Transformation completed in 0 CPU seconds
INFO: [Project 1-570] Preparing netlist for logic optimization
INFO: [Opt 31-138] Pushed 0 inverter(s) to 0 load pin(s).
Netlist sorting complete. Time (s): cpu = 00:00:00 ; elapsed = 00:00:00 . Memory (MB): peak = 1583.758 ; gain = 0.000
INFO: [Project 1-111] Unisim Transformation Summary:
No Unisim elements were transformed.

The system cannot find the file specified.
Synth Design complete | Checksum: a71bd10e
INFO: [Common 17-83] Releasing license: Synthesis
39 Infos, 1 Warnings, 0 Critical Warnings and 0 Errors encountered.
synth_design completed successfully
synth_design: Time (s): cpu = 00:00:24 ; elapsed = 00:00:34 . Memory (MB): peak = 1583.758 ; gain = 1030.117
Write ShapeDB Complete: Time (s): cpu = 00:00:00 ; elapsed = 00:00:00.016 . Memory (MB): peak = 1583.758 ; gain = 0.000
INFO: [Common 17-1381] The checkpoint 'K:/My Drive/Grad/FAU_PhD/CDA 4240 - Design of Digital Systems/Labs/Lab2/lab2/lab2.runs/synth_1_copy_1/reg_file.dcp' has been generated.
INFO: [runtcl-4] Executing : report_utilization -file reg_file_utilization_synth.rpt -pb reg_file_utilization_synth.pb
INFO: [Common 17-206] Exiting Vivado at Wed Feb 28 15:18:17 2024...
